<?xml version="1.0" encoding="UTF-8"?>
<!-- Generated by org.testng.reporters.JUnitReportReporter -->
<testsuite hostname="DESKTOP-98CQMT7" failures="0" tests="1" name="testCases.TC002_LoginTest" time="1.593" errors="0" timestamp="2024-08-28T19:55:39 SGT" skipped="0">
  <testcase classname="testCases.TC002_LoginTest" name="verify_login" time="1.593"/>
</testsuite> <!-- testCases.TC002_LoginTest -->
