<?xml version="1.0" encoding="UTF-8"?>
<!-- Generated by org.testng.reporters.JUnitReportReporter -->
<testsuite hostname="DESKTOP-98CQMT7" failures="0" tests="1" name="testCases.TC001_AccountRegistrationTest" time="2.135" errors="0" timestamp="2024-08-28T19:55:39 SGT" skipped="0">
  <testcase classname="testCases.TC001_AccountRegistrationTest" name="verify_Account_Registration" time="2.135"/>
</testsuite> <!-- testCases.TC001_AccountRegistrationTest -->
